<?xml version="1.0" encoding="UTF-8"?>
<!-- Generated by org.testng.reporters.JUnitReportReporter -->
<testsuite skipped="0" hostname="DESKTOP-K9EHMR9" name="TestCases.LoginTest" tests="1" failures="0" timestamp="2021-05-31T11:40:15 IST" time="42.080" errors="0">
  <testcase name="verifyLogin" time="42.080" classname="TestCases.LoginTest"/>
  <system-out/>
</testsuite> <!-- TestCases.LoginTest -->
